<?xml version="1.0" encoding="UTF-8"?>
<testng-results skipped="0" failed="0" total="1" passed="1">
  <reporter-output>
  </reporter-output>
  <suite name="Default suite" duration-ms="6440" started-at="2016-04-26T17:41:09Z" finished-at="2016-04-26T17:41:15Z">
    <groups>
    </groups>
    <test name="Default test" duration-ms="6440" started-at="2016-04-26T17:41:09Z" finished-at="2016-04-26T17:41:15Z">
      <class name="CA_API">
        <test-method status="PASS" signature="simpleExample()[pri:1, instance:CA_API@7dc36524]" name="simpleExample" duration-ms="6392" started-at="2016-04-26T13:41:09Z" finished-at="2016-04-26T13:41:15Z">
          <reporter-output>
          </reporter-output>
        </test-method> <!-- simpleExample -->
      </class> <!-- CA_API -->
    </test> <!-- Default test -->
  </suite> <!-- Default suite -->
</testng-results>
